[    0.000000] Initializing cgroup subsys cpuset
[    0.000000] Initializing cgroup subsys cpu
[    0.000000] Initializing cgroup subsys cpuacct
[    0.000000] Linux version 4.4.0-47-generic (buildd@lcy01-03) (gcc version 5.4.0 20160609 (Ubuntu 5.4.0-6ubuntu1~16.04.2) ) #68-Ubuntu SMP Wed Oct 26 19:39:52 UTC 2016 (Ubuntu 4.4.0-47.68-generic 4.4.24)
[    0.000000] Command line: BOOT_IMAGE=/boot/vmlinuz-4.4.0-47-generic root=LABEL=cloudimg-rootfs ro console=tty1 console=ttyS0
[    0.000000] KERNEL supported cpus:
[    0.000000]   Intel GenuineIntel
[    0.000000]   AMD AuthenticAMD
[    0.000000]   Centaur CentaurHauls
[    0.000000] x86/fpu: Legacy x87 FPU detected.
[    0.000000] x86/fpu: Using 'lazy' FPU context switches.
[    0.000000] e820: BIOS-provided physical RAM map:
[    0.000000] BIOS-e820: [mem 0x0000000000000000-0x000000000009fbff] usable
[    0.000000] BIOS-e820: [mem 0x000000000009fc00-0x000000000009ffff] reserved
[    0.000000] BIOS-e820: [mem 0x00000000000f0000-0x00000000000fffff] reserved
[    0.000000] BIOS-e820: [mem 0x0000000000100000-0x000000003ffeffff] usable
[    0.000000] BIOS-e820: [mem 0x000000003fff0000-0x000000003fffffff] ACPI data
[    0.000000] BIOS-e820: [mem 0x00000000fec00000-0x00000000fec00fff] reserved
[    0.000000] BIOS-e820: [mem 0x00000000fee00000-0x00000000fee00fff] reserved
[    0.000000] BIOS-e820: [mem 0x00000000fffc0000-0x00000000ffffffff] reserved
[    0.000000] NX (Execute Disable) protection: active
[    0.000000] SMBIOS 2.5 present.
[    0.000000] Hypervisor detected: KVM
[    0.000000] e820: last_pfn = 0x3fff0 max_arch_pfn = 0x400000000
[    0.000000] MTRR: Disabled
[    0.000000] x86/PAT: MTRRs disabled, skipping PAT initialization too.
[    0.000000] x86/PAT: Configuration [0-7]: WB  WT  UC- UC  WB  WT  UC- UC  
[    0.000000] CPU MTRRs all blank - virtualized system.
[    0.000000] found SMP MP-table at [mem 0x0009fff0-0x0009ffff] mapped at [ffff88000009fff0]
[    0.000000] Scanning 1 areas for low memory corruption
[    0.000000] RAMDISK: [mem 0x36fde000-0x377e6fff]
[    0.000000] ACPI: Early table checksum verification disabled
[    0.000000] ACPI: RSDP 0x00000000000E0000 000024 (v02 VBOX  )
[    0.000000] ACPI: XSDT 0x000000003FFF0030 00003C (v01 VBOX   VBOXXSDT 00000001 ASL  00000061)
[    0.000000] ACPI: FACP 0x000000003FFF00F0 0000F4 (v04 VBOX   VBOXFACP 00000001 ASL  00000061)
[    0.000000] ACPI: DSDT 0x000000003FFF0470 00210F (v01 VBOX   VBOXBIOS 00000002 INTL 20100528)
[    0.000000] ACPI: FACS 0x000000003FFF0200 000040
[    0.000000] ACPI: FACS 0x000000003FFF0200 000040
[    0.000000] ACPI: APIC 0x000000003FFF0240 000054 (v02 VBOX   VBOXAPIC 00000001 ASL  00000061)
[    0.000000] ACPI: SSDT 0x000000003FFF02A0 0001CC (v01 VBOX   VBOXCPUT 00000002 INTL 20100528)
[    0.000000] No NUMA configuration found
[    0.000000] Faking a node at [mem 0x0000000000000000-0x000000003ffeffff]
[    0.000000] NODE_DATA(0) allocated [mem 0x3ffeb000-0x3ffeffff]
[    0.000000] kvm-clock: Using msrs 4b564d01 and 4b564d00
[    0.000000] kvm-clock: cpu 0, msr 0:3ffe7001, primary cpu clock
[    0.000000] kvm-clock: using sched offset of 4694428732 cycles
[    0.000000] clocksource: kvm-clock: mask: 0xffffffffffffffff max_cycles: 0x1cd42e4dffb, max_idle_ns: 881590591483 ns
[    0.000000] Zone ranges:
[    0.000000]   DMA      [mem 0x0000000000001000-0x0000000000ffffff]
[    0.000000]   DMA32    [mem 0x0000000001000000-0x000000003ffeffff]
[    0.000000]   Normal   empty
[    0.000000]   Device   empty
[    0.000000] Movable zone start for each node
[    0.000000] Early memory node ranges
[    0.000000]   node   0: [mem 0x0000000000001000-0x000000000009efff]
[    0.000000]   node   0: [mem 0x0000000000100000-0x000000003ffeffff]
[    0.000000] Initmem setup node 0 [mem 0x0000000000001000-0x000000003ffeffff]
[    0.000000] ACPI: PM-Timer IO Port: 0x4008
[    0.000000] IOAPIC[0]: apic_id 1, version 32, address 0xfec00000, GSI 0-23
[    0.000000] ACPI: INT_SRC_OVR (bus 0 bus_irq 0 global_irq 2 dfl dfl)
[    0.000000] ACPI: INT_SRC_OVR (bus 0 bus_irq 9 global_irq 9 high level)
[    0.000000] Using ACPI (MADT) for SMP configuration information
[    0.000000] smpboot: Allowing 1 CPUs, 0 hotplug CPUs
[    0.000000] PM: Registered nosave memory: [mem 0x00000000-0x00000fff]
[    0.000000] PM: Registered nosave memory: [mem 0x0009f000-0x0009ffff]
[    0.000000] PM: Registered nosave memory: [mem 0x000a0000-0x000effff]
[    0.000000] PM: Registered nosave memory: [mem 0x000f0000-0x000fffff]
[    0.000000] e820: [mem 0x40000000-0xfebfffff] available for PCI devices
[    0.000000] Booting paravirtualized kernel on KVM
[    0.000000] clocksource: refined-jiffies: mask: 0xffffffff max_cycles: 0xffffffff, max_idle_ns: 7645519600211568 ns
[    0.000000] setup_percpu: NR_CPUS:256 nr_cpumask_bits:256 nr_cpu_ids:1 nr_node_ids:1
[    0.000000] PERCPU: Embedded 33 pages/cpu @ffff88003fc00000 s98008 r8192 d28968 u2097152
[    0.000000] PV qspinlock hash table entries: 256 (order: 0, 4096 bytes)
[    0.000000] Built 1 zonelists in Node order, mobility grouping on.  Total pages: 257913
[    0.000000] Policy zone: DMA32
[    0.000000] Kernel command line: BOOT_IMAGE=/boot/vmlinuz-4.4.0-47-generic root=LABEL=cloudimg-rootfs ro console=tty1 console=ttyS0
[    0.000000] PID hash table entries: 4096 (order: 3, 32768 bytes)
[    0.000000] Memory: 1004536K/1048120K available (8423K kernel code, 1285K rwdata, 3952K rodata, 1480K init, 1292K bss, 43584K reserved, 0K cma-reserved)
[    0.000000] SLUB: HWalign=64, Order=0-3, MinObjects=0, CPUs=1, Nodes=1
[    0.000000] Hierarchical RCU implementation.
[    0.000000] 	Build-time adjustment of leaf fanout to 64.
[    0.000000] 	RCU restricting CPUs from NR_CPUS=256 to nr_cpu_ids=1.
[    0.000000] RCU: Adjusting geometry for rcu_fanout_leaf=64, nr_cpu_ids=1
[    0.000000] NR_IRQS:16640 nr_irqs:256 16
[    0.000000] Console: colour VGA+ 80x25
[    0.000000] console [tty1] enabled
[    0.000000] console [ttyS0] enabled
[    0.000000] tsc: Detected 3051.334 MHz processor
[    0.691144] Calibrating delay loop (skipped) preset value.. 6102.66 BogoMIPS (lpj=12205336)
[    0.702497] pid_max: default: 32768 minimum: 301
[    0.708602] ACPI: Core revision 20150930
[    0.721090] ACPI: 2 ACPI AML tables successfully acquired and loaded
[    0.811856] Security Framework initialized
[    0.826570] Yama: becoming mindful.
[    0.839142] AppArmor: AppArmor initialized
[    0.852120] Dentry cache hash table entries: 131072 (order: 8, 1048576 bytes)
[    0.858366] Inode-cache hash table entries: 65536 (order: 7, 524288 bytes)
[    0.871641] Mount-cache hash table entries: 2048 (order: 2, 16384 bytes)
[    0.875010] Mountpoint-cache hash table entries: 2048 (order: 2, 16384 bytes)
[    0.881812] Initializing cgroup subsys io
[    0.887951] Initializing cgroup subsys memory
[    0.890867] Initializing cgroup subsys devices
[    0.893626] Initializing cgroup subsys freezer
[    0.897128] Initializing cgroup subsys net_cls
[    0.902750] Initializing cgroup subsys perf_event
[    0.905674] Initializing cgroup subsys net_prio
[    0.909800] Initializing cgroup subsys hugetlb
[    0.913459] Initializing cgroup subsys pids
[    0.915780] mce: CPU supports 0 MCE banks
[    0.920591] process: using mwait in idle threads
[    0.927371] Last level iTLB entries: 4KB 128, 2MB 4, 4MB 4
[    0.934453] Last level dTLB entries: 4KB 256, 2MB 0, 4MB 32, 1GB 0
[    1.284513] Freeing SMP alternatives memory: 32K (ffffffff820b5000 - ffffffff820bd000)
[    1.302424] ftrace: allocating 32047 entries in 126 pages
[    1.383485] smpboot: Max logical packages: 1
[    1.386220] smpboot: APIC(0) Converting physical 0 to logical package 0
[    1.389045] x2apic enabled
[    1.399322] Switched APIC routing to physical x2apic.
[    1.411820] ..TIMER: vector=0x30 apic1=0 pin1=2 apic2=-1 pin2=-1
[    1.513016] smpboot: CPU0: Intel(R) Core(TM)2 Duo CPU     E7600  @ 3.06GHz (family: 0x6, model: 0x17, stepping: 0xa)
[    1.520340] Performance Events: unsupported p6 CPU model 23 no PMU driver, software events only.
[    1.534618] KVM setup paravirtual spinlock
[    1.549292] x86: Booted up 1 node, 1 CPUs
[    1.551388] smpboot: Total of 1 processors activated (6102.66 BogoMIPS)
[    1.555779] devtmpfs: initialized
[    1.565926] evm: security.selinux
[    1.580385] evm: security.SMACK64
[    1.586132] evm: security.SMACK64EXEC
[    1.588363] evm: security.SMACK64TRANSMUTE
[    1.590324] evm: security.SMACK64MMAP
[    1.597107] evm: security.ima
[    1.600029] evm: security.capability
[    1.602847] clocksource: jiffies: mask: 0xffffffff max_cycles: 0xffffffff, max_idle_ns: 7645041785100000 ns
[    1.611325] pinctrl core: initialized pinctrl subsystem
[    1.613720] RTC time: 18:16:32, date: 11/28/16
[    1.620197] NET: Registered protocol family 16
[    1.625944] cpuidle: using governor ladder
[    1.634662] cpuidle: using governor menu
[    1.637358] PCCT header not found.
[    1.642318] ACPI: bus type PCI registered
[    1.651423] acpiphp: ACPI Hot Plug PCI Controller Driver version: 0.5
[    1.660262] PCI: Using configuration type 1 for base access
[    1.668816] ACPI: Added _OSI(Module Device)
[    1.677395] ACPI: Added _OSI(Processor Device)
[    1.682635] ACPI: Added _OSI(3.0 _SCP Extensions)
[    1.686062] ACPI: Added _OSI(Processor Aggregator Device)
[    1.690920] ACPI: Executed 1 blocks of module-level executable AML code
[    1.701118] ACPI: Interpreter enabled
[    1.705609] ACPI: (supports S0 S5)
[    1.707016] ACPI: Using IOAPIC for interrupt routing
[    1.711233] PCI: Using host bridge windows from ACPI; if necessary, use "pci=nocrs" and report a bug
[    1.725767] ACPI: PCI Root Bridge [PCI0] (domain 0000 [bus 00-ff])
[    1.731369] acpi PNP0A03:00: _OSC: OS supports [ASPM ClockPM Segments MSI]
[    1.737161] acpi PNP0A03:00: _OSC failed (AE_NOT_FOUND); disabling ASPM
[    1.746602] acpi PNP0A03:00: fail to add MMCONFIG information, can't access extended PCI configuration space under this bridge.
[    1.756192] PCI host bridge to bus 0000:00
[    1.769297] pci_bus 0000:00: root bus resource [io  0x0000-0x0cf7 window]
[    1.777993] pci_bus 0000:00: root bus resource [io  0x0d00-0xffff window]
[    1.784994] pci_bus 0000:00: root bus resource [mem 0x000a0000-0x000bffff window]
[    1.805111] pci_bus 0000:00: root bus resource [mem 0x40000000-0xffdfffff window]
[    1.812896] pci_bus 0000:00: root bus resource [bus 00-ff]
[    1.822656] pci 0000:00:01.1: legacy IDE quirk: reg 0x10: [io  0x01f0-0x01f7]
[    1.837295] pci 0000:00:01.1: legacy IDE quirk: reg 0x14: [io  0x03f6]
[    1.848299] pci 0000:00:01.1: legacy IDE quirk: reg 0x18: [io  0x0170-0x0177]
[    1.858423] pci 0000:00:01.1: legacy IDE quirk: reg 0x1c: [io  0x0376]
[    1.997111] pci 0000:00:07.0: quirk: [io  0x4000-0x403f] claimed by PIIX4 ACPI
[    2.013592] pci 0000:00:07.0: quirk: [io  0x4100-0x410f] claimed by PIIX4 SMB
[    2.057223] ACPI: PCI Interrupt Link [LNKA] (IRQs 5 9 10 *11)
[    2.070873] ACPI: PCI Interrupt Link [LNKB] (IRQs 5 9 10 *11)
[    2.080316] ACPI: PCI Interrupt Link [LNKC] (IRQs 5 9 *10 11)
[    2.089754] ACPI: PCI Interrupt Link [LNKD] (IRQs 5 *9 10 11)
[    2.102105] ACPI: Enabled 2 GPEs in block 00 to 07
[    2.114106] vgaarb: setting as boot device: PCI:0000:00:02.0
[    2.122644] vgaarb: device added: PCI:0000:00:02.0,decodes=io+mem,owns=io+mem,locks=none
[    2.128867] vgaarb: loaded
[    2.130887] vgaarb: bridge control possible 0000:00:02.0
[    2.141928] SCSI subsystem initialized
[    2.176259] ACPI: bus type USB registered
[    2.180938] usbcore: registered new interface driver usbfs
[    2.183867] usbcore: registered new interface driver hub
[    2.187026] usbcore: registered new device driver usb
[    2.190982] PCI: Using ACPI for IRQ routing
[    2.200210] NetLabel: Initializing
[    2.207297] NetLabel:  domain hash size = 128
[    2.210462] NetLabel:  protocols = UNLABELED CIPSOv4
[    2.219673] NetLabel:  unlabeled traffic allowed by default
[    2.225289] amd_nb: Cannot enumerate AMD northbridges
[    2.229704] clocksource: Switched to clocksource kvm-clock
[    2.258465] AppArmor: AppArmor Filesystem Enabled
[    2.262574] pnp: PnP ACPI init
[    2.265747] pnp: PnP ACPI: found 3 devices
[    2.277801] clocksource: acpi_pm: mask: 0xffffff max_cycles: 0xffffff, max_idle_ns: 2085701024 ns
[    2.283336] NET: Registered protocol family 2
[    2.286164] TCP established hash table entries: 8192 (order: 4, 65536 bytes)
[    2.293154] TCP bind hash table entries: 8192 (order: 5, 131072 bytes)
[    2.300398] TCP: Hash tables configured (established 8192 bind 8192)
[    2.309484] UDP hash table entries: 512 (order: 2, 16384 bytes)
[    2.313734] UDP-Lite hash table entries: 512 (order: 2, 16384 bytes)
[    2.318092] NET: Registered protocol family 1
[    2.320848] pci 0000:00:00.0: Limiting direct PCI/PCI transfers
[    2.329158] pci 0000:00:01.0: Activating ISA DMA hang workarounds
[    2.333035] Trying to unpack rootfs image as initramfs...
[    4.058554] Freeing initrd memory: 8228K (ffff880036fde000 - ffff8800377e7000)
[    4.069155] platform rtc_cmos: registered platform RTC device (no PNP device found)
[    4.075547] Scanning for low memory corruption every 60 seconds
[    4.090816] futex hash table entries: 256 (order: 2, 16384 bytes)
[    4.094323] audit: initializing netlink subsys (disabled)
[    4.103121] audit: type=2000 audit(1480356999.670:1): initialized
[    4.113274] Initialise system trusted keyring
[    4.117206] HugeTLB registered 2 MB page size, pre-allocated 0 pages
[    4.122436] zbud: loaded
[    4.124957] VFS: Disk quotas dquot_6.6.0
[    4.130022] VFS: Dquot-cache hash table entries: 512 (order 0, 4096 bytes)
[    4.136663] squashfs: version 4.0 (2009/01/31) Phillip Lougher
[    4.141478] fuse init (API version 7.23)
[    4.148299] Key type big_key registered
[    4.150229] Allocating IMA MOK and blacklist keyrings.
[    4.157069] Key type asymmetric registered
[    4.160266] Asymmetric key parser 'x509' registered
[    4.167484] Block layer SCSI generic (bsg) driver version 0.4 loaded (major 249)
[    4.172686] io scheduler noop registered
[    4.177091] io scheduler deadline registered (default)
[    4.179399] io scheduler cfq registered
[    4.185541] pci_hotplug: PCI Hot Plug PCI Core version: 0.5
[    4.190433] pciehp: PCI Express Hot Plug Controller Driver version: 0.4
[    4.194314] ACPI: AC Adapter [AC] (on-line)
[    4.197553] input: Power Button as /devices/LNXSYSTM:00/LNXPWRBN:00/input/input0
[    4.204240] ACPI: Power Button [PWRF]
[    4.207765] input: Sleep Button as /devices/LNXSYSTM:00/LNXSLPBN:00/input/input1
[    4.212372] ACPI: Sleep Button [SLPF]
[    4.214931] GHES: HEST is not enabled!
[    4.223881] Serial: 8250/16550 driver, 32 ports, IRQ sharing enabled
[    4.266394] 00:02: ttyS0 at I/O 0x3f8 (irq = 4, base_baud = 115200) is a 16550A
[    4.323183] Linux agpgart interface v0.103
[    4.347526] brd: module loaded
[    4.360707] loop: module loaded
[    4.381256] scsi host0: ata_piix
[    4.390675] scsi host1: ata_piix
[    4.424479] ata1: PATA max UDMA/33 cmd 0x1f0 ctl 0x3f6 bmdma 0xd000 irq 14
[    4.441382] ata2: PATA max UDMA/33 cmd 0x170 ctl 0x376 bmdma 0xd008 irq 15
[    4.446145] libphy: Fixed MDIO Bus: probed
[    4.486621] tun: Universal TUN/TAP device driver, 1.6
[    4.490734] tun: (C) 1999-2004 Max Krasnyansky <maxk@qualcomm.com>
[    4.505204] PPP generic driver version 2.4.2
[    4.513236] ehci_hcd: USB 2.0 'Enhanced' Host Controller (EHCI) Driver
[    4.517048] ehci-pci: EHCI PCI platform driver
[    4.522201] ehci-platform: EHCI generic platform driver
[    4.530444] ohci_hcd: USB 1.1 'Open' Host Controller (OHCI) Driver
[    4.543729] ohci-pci: OHCI PCI platform driver
[    4.547406] ohci-platform: OHCI generic platform driver
[    4.550576] uhci_hcd: USB Universal Host Controller Interface driver
[    4.554698] i8042: PNP: PS/2 Controller [PNP0303:PS2K,PNP0f03:PS2M] at 0x60,0x64 irq 1,12
[    4.559590] serio: i8042 KBD port at 0x60,0x64 irq 1
[    4.567002] serio: i8042 AUX port at 0x60,0x64 irq 12
[    4.570567] mousedev: PS/2 mouse device common for all mice
[    4.576885] input: AT Translated Set 2 keyboard as /devices/platform/i8042/serio0/input/input2
[    4.585247] rtc_cmos rtc_cmos: rtc core: registered rtc_cmos as rtc0
[    4.587863] rtc_cmos rtc_cmos: alarms up to one day, 114 bytes nvram
[    4.593448] i2c /dev entries driver
[    4.596904] device-mapper: uevent: version 1.0.3
[    4.605456] device-mapper: ioctl: 4.34.0-ioctl (2015-10-28) initialised: dm-devel@redhat.com
[    4.650975] ledtrig-cpu: registered to indicate activity on CPUs
[    4.687886] NET: Registered protocol family 10
[    4.710702] NET: Registered protocol family 17
[    4.737778] Key type dns_resolver registered
[    4.750201] microcode: CPU0 sig=0x1067a, pf=0x40, revision=0x60b
[    4.755418] microcode: Microcode Update Driver: v2.01 <tigran@aivazian.fsnet.co.uk>, Peter Oruba
[    4.760740] registered taskstats version 1
[    4.766774] Loading compiled-in X.509 certificates
[    4.780473] Loaded X.509 cert 'Build time autogenerated kernel key: f7bc719d96df7c6d6fed8f4b9fd5d4ff001383c8'
[    4.794243] zswap: loaded using pool lzo/zbud
[    4.804785] Key type trusted registered
[    4.826557] Key type encrypted registered
[    4.834120] AppArmor: AppArmor sha1 policy hashing enabled
[    4.838399] ima: No TPM chip found, activating TPM-bypass!
[    4.844498] evm: HMAC attrs: 0x1
[    4.853807]   Magic number: 8:764:292
[    4.871136] tty tty25: hash matches
[    4.924044] rtc_cmos rtc_cmos: setting system clock to 2016-11-28 18:16:35 UTC (1480356995)
[    4.928904] BIOS EDD facility v0.16 2004-Jun-25, 0 devices found
[    4.937232] EDD information not available.
[    4.998103] Freeing unused kernel memory: 1480K (ffffffff81f43000 - ffffffff820b5000)
[    5.007540] Write protecting the kernel read-only data: 14336k
[    5.026563] Freeing unused kernel memory: 1804K (ffff88000183d000 - ffff880001a00000)
[    5.040682] Freeing unused kernel memory: 144K (ffff880001ddc000 - ffff880001e00000)
[    5.066268] tsc: Refined TSC clocksource calibration: 3069.359 MHz
[    5.083364] clocksource: tsc: mask: 0xffffffffffffffff max_cycles: 0x2c3e36947a2, max_idle_ns: 440795287021 ns
Loading, please wait...
starting version 229
[    5.172574] random: systemd-udevd: uninitialized urandom read (16 bytes read, 4 bits of entropy available)
[    5.183016] random: systemd-udevd: uninitialized urandom read (16 bytes read, 4 bits of entropy available)
[    5.191951] random: udevadm: uninitialized urandom read (16 bytes read, 4 bits of entropy available)
[    5.208171] random: systemd-udevd: uninitialized urandom read (16 bytes read, 4 bits of entropy available)
[    5.221122] random: systemd-udevd: uninitialized urandom read (16 bytes read, 4 bits of entropy available)
[    5.227245] random: udevadm: uninitialized urandom read (16 bytes read, 4 bits of entropy available)
[    5.236875] random: udevadm: uninitialized urandom read (16 bytes read, 4 bits of entropy available)
[    5.246439] random: udevadm: uninitialized urandom read (16 bytes read, 4 bits of entropy available)
[    5.251910] random: udevadm: uninitialized urandom read (16 bytes read, 4 bits of entropy available)
[    5.257187] random: udevadm: uninitialized urandom read (16 bytes read, 4 bits of entropy available)
[    5.488642] Fusion MPT base driver 3.04.20
[    5.493680] Copyright (c) 1999-2008 LSI Corporation
[    5.504870] e1000: Intel(R) PRO/1000 Network Driver - version 7.3.21-k8-NAPI
[    5.523842] e1000: Copyright (c) 1999-2006 Intel Corporation.
[    5.629381] Fusion MPT SPI Host driver 3.04.20
[    5.701342] input: ImExPS/2 Generic Explorer Mouse as /devices/platform/i8042/serio1/input/input4
[    6.366559] e1000 0000:00:03.0 eth0: (PCI:33MHz:32-bit) 02:fb:bf:71:66:a5
[    6.377823] e1000 0000:00:03.0 eth0: Intel(R) PRO/1000 Network Connection
[    6.384157] e1000 0000:00:03.0 enp0s3: renamed from eth0
[    6.403403] mptbase: ioc0: Initiating bringup
[    6.466916] ioc0: LSI53C1030 A0: Capabilities={Initiator}
[    6.643068] scsi host2: ioc0: LSI53C1030 A0, FwRev=00000000h, Ports=1, MaxQ=256, IRQ=20
[    6.763567] scsi 2:0:0:0: Direct-Access     VBOX     HARDDISK         1.0  PQ: 0 ANSI: 5
[    6.773668] scsi target2:0:0: Beginning Domain Validation
[    6.824221] scsi target2:0:0: Domain Validation skipping write tests
[    6.840610] scsi target2:0:0: Ending Domain Validation
[    6.843856] scsi target2:0:0: asynchronous
[    6.847390] scsi 2:0:1:0: Direct-Access     VBOX     HARDDISK         1.0  PQ: 0 ANSI: 5
[    6.858133] scsi target2:0:1: Beginning Domain Validation
[    6.901449] scsi target2:0:1: Domain Validation skipping write tests
[    6.931306] scsi target2:0:1: Ending Domain Validation
[    6.951171] scsi target2:0:1: asynchronous
[    6.962624] sd 2:0:0:0: Attached scsi generic sg0 type 0
[    6.997945] sd 2:0:0:0: [sda] 20971520 512-byte logical blocks: (10.7 GB/10.0 GiB)
[    7.004508] sd 2:0:0:0: [sda] Write Protect is off
[    7.009543] sd 2:0:1:0: [sdb] 20480 512-byte logical blocks: (10.5 MB/10.0 MiB)
[    7.026618] sd 2:0:1:0: Attached scsi generic sg1 type 0
[    7.051478] sd 2:0:0:0: [sda] Incomplete mode parameter data
[    7.065800] sd 2:0:0:0: [sda] Assuming drive cache: write through
[    7.070114] sd 2:0:1:0: [sdb] Write Protect is off
[    7.077788] sd 2:0:1:0: [sdb] Incomplete mode parameter data
[    7.081939] sd 2:0:1:0: [sdb] Assuming drive cache: write through
[    7.087196]  sda: sda1
[    7.100444] sd 2:0:1:0: [sdb] Attached SCSI disk
[    7.107395] sd 2:0:0:0: [sda] Attached SCSI disk
[    8.492676] floppy0: no floppy controllers found
Begin: Loading essential drivers ... [   10.722486] md: linear personality registered for level -1
[   10.746864] md: multipath personality registered for level -4
[   10.785323] md: raid0 personality registered for level 0
[   10.835720] md: raid1 personality registered for level 1
[   10.944169] raid6: sse2x1   gen()  4815 MB/s
[   11.022053] raid6: sse2x1   xor()  4163 MB/s
[   11.095214] raid6: sse2x2   gen()  3605 MB/s
[   11.170078] raid6: sse2x2   xor()  3912 MB/s
[   11.250393] raid6: sse2x4   gen()  2148 MB/s
[   11.326059] raid6: sse2x4   xor()  4012 MB/s
[   11.337964] raid6: using algorithm sse2x1 gen() 4815 MB/s
[   11.342727] raid6: .... xor() 4163 MB/s, rmw enabled
[   11.349803] raid6: using ssse3x2 recovery algorithm
[   11.378355] xor: measuring software checksum speed
[   11.427705]    prefetch64-sse: 11042.000 MB/sec
[   11.474036]    generic_sse: 15088.000 MB/sec
[   11.493183] xor: using function: generic_sse (15088.000 MB/sec)
[   11.523566] async_tx: api initialized (async)
[   11.599006] md: raid6 personality registered for level 6
[   11.609329] md: raid5 personality registered for level 5
[   11.614215] md: raid4 personality registered for level 4
[   11.777274] md: raid10 personality registered for level 10
done.
Begin: Running /scripts/init-premount ... done.
Begin: Mounting root file system ... Begin: Running /scripts/local-top ... done.
Begin: Running /scripts/local-premount ... [   12.055146] Btrfs loaded
Scanning for Btrfs filesystems
done.
Warning: fsck not present, so skipping root file system
[   12.435353] EXT4-fs (sda1): mounted filesystem with ordered data mode. Opts: (null)
done.
Begin: Running /scripts/local-bottom ... done.
Begin: Running /scripts/init-bottom ... Warning: overlayroot: debug is busted
done.
[   12.738771] systemd[1]: systemd 229 running in system mode. (+PAM +AUDIT +SELINUX +IMA +APPARMOR +SMACK +SYSVINIT +UTMP +LIBCRYPTSETUP +GCRYPT +GNUTLS +ACL +XZ -LZ4 +SECCOMP +BLKID +ELFUTILS +KMOD -IDN)
[   12.754428] systemd[1]: Detected virtualization oracle.
[   12.758643] systemd[1]: Detected architecture x86-64.

Welcome to [1mUbuntu 16.04.1 LTS[0m!

[   12.778593] systemd[1]: Set hostname to <ubuntu>.
[   12.783333] systemd[1]: Initializing machine ID from random generator.
[   12.788756] systemd[1]: Installed transient /etc/machine-id file.
[   13.045671] systemd[1]: Listening on LVM2 poll daemon socket.
[[0;32m  OK  [0m] Listening on LVM2 poll daemon socket.
[   13.070795] systemd[1]: Reached target User and Group Name Lookups.
[[0;32m  OK  [0m] Reached target User and Group Name Lookups.
[   13.090692] systemd[1]: Listening on LVM2 metadata daemon socket.
[[0;32m  OK  [0m] Listening on LVM2 metadata daemon socket.
[   13.110512] systemd[1]: Listening on /dev/initctl Compatibility Named Pipe.
[[0;32m  OK  [0m] Listening on /dev/initctl Compatibility Named Pipe.
[   13.125212] systemd[1]: Listening on Journal Socket.
[[0;32m  OK  [0m] Listening on Journal Socket.
[   13.131923] systemd[1]: Listening on Journal Socket (/dev/log).
[[0;32m  OK  [0m] Listening on Journal Socket (/dev/log).
[   13.146728] systemd[1]: Listening on Syslog Socket.
[[0;32m  OK  [0m] Listening on Syslog Socket.
[   13.167564] systemd[1]: Created slice User and Session Slice.
[[0;32m  OK  [0m] Created slice User and Session Slice.
[   13.177869] systemd[1]: Listening on Journal Audit Socket.
[[0;32m  OK  [0m] Listening on Journal Audit Socket.
[   13.198340] systemd[1]: Reached target Swap.
[[0;32m  OK  [0m] Reached target Swap.
[   13.222763] systemd[1]: Started Forward Password Requests to Wall Directory Watch.
[[0;32m  OK  [0m] Started Forward Password Requests to Wall Directory Watch.
[   13.242619] systemd[1]: Reached target Encrypted Volumes.
[[0;32m  OK  [0m] Reached target Encrypted Volumes.
[   13.265587] systemd[1]: Created slice System Slice.
[[0;32m  OK  [0m] Created slice System Slice.
[   13.278067] systemd[1]: Starting Set console keymap...
         Starting Set console keymap...
[   13.310834] systemd[1]: Starting Journal Service...
         Starting Journal Service...
[   13.358559] systemd[1]: Starting Load Kernel Modules...
         Starting Load Kernel Modules...
[   13.380219] systemd[1]: Mounting POSIX Message Queue File System...
         Mounting POSIX Message Queue File System...
[   13.416636] systemd[1]: Starting Remount Root and Kernel File Systems...
         [   13.465495] Loading iSCSI transport class v2.0-870.
Starting Remount Root and Kernel File Systems...
[   13.482873] systemd[1]: Reached target Slices.
[[0;32m  OK  [0m] Reached target Slices.
[   13.524232] systemd[1]: Starting Create list of required static device nodes for the current kernel...
[   13.579280] EXT4-fs (sda1): re-mounted. Opts: (null)
         Starting Create list of required st... nodes for the current kernel...
[   13.627833] systemd[1]: Starting Uncomplicated firewall...
         Starting Uncomplicated firewall...
[   13.691621] systemd[1]: Starting Nameserver information manager...
         Starting Nameser[   13.723135] random: nonblocking pool is initialized
ver information manager...
[   13.737551] iscsi: registered transport (tcp)
[   13.751009] systemd[1]: Mounting Huge Pages File System...
         Mounting Huge Pages File System...
[   13.789830] systemd[1]: Listening on udev Control Socket.
[[0;32m  OK  [0m] Listening on udev Control Socket.
[   13.828953] systemd[1]: Mounting Debug File System...
         Mounting Debug File System...
[   13.876509] systemd[1]: Set up automount Arbitrary Executable File Formats File System Automount Point.
[[0;32m  OK  [0m] Set up automount Arbitrary Executab...ats File System Automount Point.
[   13.930024] systemd[1]: Listening on Device-mapper event daemon FIFOs.
[[0;32m  OK  [0m] Listening on Device-mapper event daemon FIFOs.
[   13.983066] systemd[1]: Starting Monitoring of LVM2 mirrors, snapshots etc. using dmeventd or progress polling...
         Starting Monitoring of LVM2 mirrors... dmeventd [   14.002964] iscsi: registered transport (iser)
or progress polling...
[   14.011391] systemd[1]: Created slice system-serial\x2dgetty.slice.
[[0;32m  OK  [0m] Created slice system-serial\x2dgetty.slice.
[   14.042669] systemd[1]: Listening on udev Kernel Socket.
[[0;32m  OK  [0m] Listening on udev Kernel Socket.
[   14.069368] systemd[1]: Mounted Debug File System.
[[0;32m  OK  [0m] Mounted Debug File System.
[   14.087722] systemd[1]: Mounted Huge Pages File System.
[[0;32m  OK  [0m] Mounted Huge Pages File System.
[   14.106401] systemd[1]: Mounted POSIX Message Queue File System.
[[0;32m  OK  [0m] Mounted POSIX Message Queue File System.
[   14.125766] systemd[1]: Started Journal Service.
[[0;32m  OK  [0m] Started Journal Service.
[[0;32m  OK  [0m] Started Set console keymap.
[[0;32m  OK  [0m] Started Load Kernel Modules.
[[0;32m  OK  [0m] Started Remount Root and Kernel File Systems.
[[0;32m  OK  [0m] Started Create list of required sta...ce nodes for the current kernel.
[[0;32m  OK  [0m] Started Uncomplicated firewall.
[[0;32m  OK  [0m] Started Nameserver information manager.
[[0;32m  OK  [0m] Started LVM2 metadata daemon.
         Starting Create Static Device Nodes in /dev...
         Starting udev Coldplug all Devices...
         Starting Load/Save Random Seed...
         Starting Apply Kernel Variables...
         Mounting FUSE Control File System...
         Starting Flush Journal to Persistent Storage...
[[0;32m  OK  [0m] Mounted FUSE Control File System.
[[0;32m  OK  [0m] Started Create Static Device Nodes in /dev.
[[0;32m  OK  [0m] Started Load/Save Random Seed.
[[0;32m  OK  [0m] Started Apply Kernel Variables.
[[0;32m  OK  [0m] Started Monitoring of LVM2 mirrors,...ng dmeventd or progress polling.
         Starting udev Kernel Device Manager...
[[0;32m  OK  [0m] Started Flush Journal to Persistent Storage.
[[0;32m  OK  [0m] Started udev Coldplug all Devices.
[[0;32m  OK  [0m] Started udev Kernel Device Manager.
[[0;32m  OK  [0m] Reached target Local File Systems (Pre).
[[0;32m  OK  [0m] Reached target Local File Systems.
         Starting LSB: AppArmor initialization...
         Starting Run snappy firstboot setup...
         Starting Initial cloud-init job (pre-networking)...
         Starting Set console font and keymap...
         Starting Commit a transient machine-id on disk...
         Starting Tell Plymouth To Write Out Runtime Data...
[[0;32m  OK  [0m] Started Dispatch Password Requests to Console Directory Watch.
         Starting Create Volatile Files and Directories...
[[0;32m  OK  [0m] Started Commit a transient machine-id on disk.
[[0;32m  OK  [0m] Started Tell Plymouth To Write Out Runtime Data.
[[0;32m  OK  [0m] Started Create Volatile Files and Directories.
         Starting Update UTMP about System Boot/Shutdown...
[[0;32m  OK  [0m] Reached target System Time Synchronized.
[[0;32m  OK  [0m] Started Update UTMP about System Boot/Shutdown.
[[0;32m  OK  [0m] Started Run snappy firstboot setup.
[[0;32m  OK  [0m] Found device /dev/ttyS0.
[[0;32m  OK  [0m] Listening on Load/Save RF Kill Switch Status /dev/rfkill Watch.
[[0;32m  OK  [0m] Started LSB: AppArmor initialization.
[[0;32m  OK  [0m] Reached target System Initialization.
[[0;32m  OK  [0m] Started Daily apt activities.
[[0;32m  OK  [0m] Started ACPI Events Check.
         Starting LXD - unix socket.
[[0;32m  OK  [0m] Listening on D-Bus System Message Bus Socket.
[   21.419662] cloud-init[496]: Cloud-init v. 0.7.8 running 'init-local' at Mon, 28 Nov 2016 18:16:49 +0000. Up 18.13 seconds.[[0;32m  OK  [0m] Started Timer to automatically refresh installed snaps.
[[0;32m  OK  [0m] Listening on ACPID Listen Socket.
[[0;32m  OK  [0m] Started Trigger resolvconf update for networkd DNS.
[[0;32m  OK  [0m] Reached target Paths.
[[0;32m  OK  [0m] Started Daily Cleanup of Temporary Directories.
[[0;32m  OK  [0m] Reached target Timers.
         Starting Socket activation for snappy daemon.
[[0;32m  OK  [0m] Listening on UUID daemon activation socket.

[[0;32m  OK  [0m] Listening on LXD - unix socket.
[[0;32m  OK  [0m] Listening on Socket activation for snappy daemon.
[[0;32m  OK  [0m] Started Initial cloud-init job (pre-networking).
[[0;32m  OK  [0m] Reached target Network (Pre).
         Starting Raise network interfaces...
[[0;32m  OK  [0m] Reached target Sockets.
[[0;32m  OK  [0m] Reached target Basic System.
[[0;32m  OK  [0m] Started Regular background program processing daemon.
[[0;32m  OK  [0m] Started Snappy daemon.
         Starting Login Service...
[[0;32m  OK  [0m] Started D-Bus System Message Bus.
[[0;32m  OK  [0m] Started FUSE filesystem for LXC.
         Starting LSB: Record successful boot for GRUB...
[[0;32m  OK  [0m] Started Deferred execution scheduler.
[[0;32m  OK  [0m] Started ACPI event daemon.
         Starting Accounts Service...
         Starting System Logging Service...
         Starting LSB: MD monitoring daemon...
         Starting LXD - container startup/shutdown...
[[0;32m  OK  [0m] Started Set console font and keymap.
[[0;32m  OK  [0m] Created slice system-getty.slice.
[[0;32m  OK  [0m] Started Login Service.
[[0;32m  OK  [0m] Started System Logging Service.
         Starting Authenticate and Authorize Users to Run Privileged Tasks...
[[0;32m  OK  [0m] Started LSB: Record successful boot for GRUB.
[[0;32m  OK  [0m] Started Authenticate and Authorize Users to Run Privileged Tasks.
[[0;32m  OK  [0m] Started Accounts Service.
[[0;32m  OK  [0m] Started LSB: MD monitoring daemon.
[[0;32m  OK  [0m] Started LXD - container startup/shutdown.
[[0;32m  OK  [0m] Started Raise network interfaces.
         Starting Initial cloud-init job (metadata service crawler)...
[[0;32m  OK  [0m] Reached target Network.
[   29.625958] cloud-init[1006]: Cloud-init v. 0.7.8 running 'init' at Mon, 28 Nov 2016 18:16:58 +0000. Up 26.41 seconds.
[   29.641318] cloud-init[1006]: ci-info: +++++++++++++++++++++++++++++++++++++Net device info++++++++++++++++++++++++++++++++++++++
[   29.666471] cloud-init[1006]: ci-info: +--------+------+----------------------------+---------------+-------+-------------------+
[   29.680327] cloud-init[1006]: ci-info: | Device |  Up  |          Address           |      Mask     | Scope |     Hw-Address    |
[   29.705258] cloud-init[1006]: ci-info: +--------+------+----------------------------+---------------+-------+-------------------+
[   29.716533] cloud-init[1006]: ci-info: |   lo   | True |         127.0.0.1          |   255.0.0.0   |   .   |         .         |
[   29.736349] cloud-init[1006]: ci-info: |   lo   | True |          ::1/128           |       .       |  host |         .         |
[   29.751101] cloud-init[1006]: ci-info: | enp0s3 | True |         10.0.2.15          | 255.255.255.0 |   .   | 02:fb:bf:71:66:a5 |
[   29.777370] cloud-init[1006]: ci-info: | enp0s3 | True | fe80::fb:bfff:fe71:66a5/64 |       .       |  link | 02:fb:bf:71:66:a5 |
[   29.845105] cloud-init[1006]: ci-info: +--------+------+----------------------------+---------------+-------+-------------------+
[   29.912874] cloud-init[1006]: ci-info: +++++++++++++++++++++++++++Route IPv4 info++++++++++++++++++++++++++++
[   29.928689] cloud-init[1006]: ci-info: +-------+-------------+----------+---------------+-----------+-------+
[   29.937922] cloud-init[1006]: ci-info: | Route | Destination | Gateway  |    Genmask    | Interface | Flags |
[   29.964484] cloud-init[1006]: ci-info: +-------+-------------+----------+---------------+-----------+-------+
[   29.996315] cloud-init[1006]: ci-info: |   0   |   0.0.0.0   | 10.0.2.2 |    0.0.0.0    |   enp0s3  |   UG  |
[   30.012184] cloud-init[1006]: ci-info: |   1   |   10.0.2.0  | 0.0.0.0  | 255.255.255.0 |   enp0s3  |   U   |
[   30.043821] cloud-init[1006]: ci-info: +-------+-------------+----------+---------------+-----------+-------+
[[0;32m  OK  [0m] Started Initial cloud-init job (metadata service crawler).
[   30.192279] cloud-init[1006]: Generating public/private rsa key pair.
[   30.420830] cloud-init[[0;32m  OK  [0m] Reached target Cloud-config availability.[1006]: Your identification has been saved in /etc/ssh/ssh_host_rsa_key.

[[0;32m  OK  [0m[   30.432021] cloud-init[1006]: Your public key has been saved in /etc/ssh/ssh_host_rsa_key.pub.] Reached target Network is Online.

[   30.488542] cloud-init[1006]: The key fingerprint is:         Starting iSCSI initiator daemon (iscsid)...
[   30.503169] cloud-init[1006]: SHA256:7hA38DOZmHxd9CG+jtk0A+K2VPlk4RAeDlyakO0sWmE root@ubuntu-xenial

         Starting Pollinate to seed the pseudo random number generator...
[   30.506792] cloud-init[1006]: The key's randomart image is:
[   30.559000] cloud-init[1006]: +---[RSA 2048]----+
[   30.580913] cloud-init         Starting Apply the settings specified in cloud-config...[1006]: |      .+..=.+ .  |
[   30.604537] cloud-init[1006]: |      E.o* B + . |
[   30.617631] cloud-init[1006]: |     ..++ * * .  |

[   30.648871] cloud-init[1006]: |     .o*o* * .   |
         Starting /etc/rc.local Compatibility...[   30.751804] 
cloud-init[1006]: |     o=.S . *    |
[   30.871646] cloud-init[1006]: [[0;32m  OK  [0m] Started /etc/rc.local Compatibility.
|    .  B = * o   |[
[0;32m  OK  [0m] Started iSCSI initiator daemon (iscsid).
[   31.013646] cloud-init         Starting Login to default iSCSI targets...
[1006]: |      . o o o    |
[   31.032311] cloud-init[1006]: |       o         |
[   31.116763] cloud-init[1006]: |        .        |
[   31.225833] cloud-init[1006]: +----[SHA256]-----+
[   31.264962] cloud-init[1006]: Generating public/private dsa key pair.
[   31.297255] cloud-init[1006]: Your identification has been saved in /etc/ssh/ssh_host_dsa_key.[[0;32m  OK  [0m] Started Login to default iSCSI targets.

[[0;32m  OK  [0m] [   31.385103] cloud-init[1006]: Reached target Remote File Systems (Pre).
[[0;32m  OK  [0m] Reached target Remote File Systems.
Your public key has been saved in /etc/ssh/ssh_host_dsa_key.pub.         Starting Permit User Sessions...
         Starting LSB: Set the CPU Frequency Scaling governor to "ondemand"...

         Starting LSB: VirtualBox Linux Additions...
[   31.568415] cloud-init[1006]: The key fingerprint is:         Starting LSB: automatic crash report generation...
         Starting LSB: daemon to balance interrupts for SMP systems...
[[0;32m  OK  [0m] Started Permit User Sessions.

[   31.754654] cloud-init[1006]: SHA256:DRUc3iyaIiIT9bwrUMY2LvOHiN2wQmIf/iMvi0Uk2Gk root@ubuntu-xenial
[   31.808542] cloud-init[1006]: The key's randomart image is:         Starting Terminate Plymouth Boot Screen...

         Starting Hold until boot process finishes up...[   31.950219] cloud-init[1006]: +---[DSA 1024]----+

[[0;32m  OK  [0m] Started Hold until boot process finishes up.[   32.065809] cloud-init[1006]: |  .      .+o     |

[   32.079814] [[0;32m  OK  [0m] Started Terminate Plymouth Boot Screen.
         cloud-init[1006]: |.+ +     o.o     |
Starting Set console scheme...
[   32.140578] cloud-init[[0;32m  OK  [0m] Started Getty on tty1.
[1006]: |o.E.o   . o o    |[[0;32m  OK  [0m] Started Serial Getty on ttyS0.
[[0;32m  OK  [0m] Reached target Login Prompts.

[   32.362180] cloud-init[1006]: | Bo. .   = .     |
[   32.444236] cloud-init[1006]: |Bo+oo . S .      |
[[0;32m  OK  [0m] Started Set console scheme.
[   32.507723] cloud-init[1006]: |=X+*.o .         |
[   32.600955] cloud-init[1006]: |+ *++            |
[   32.700191] cloud-init[1006]: | .o=..           |
[   32.776489] cloud-init[1006]: | . .=o.          |
[   32.800650] cloud-init[1006]: +----[SHA256]-----+
[   32.832594] cloud-init[1006]: Generating public/private ecdsa key pair.
[   32.880994] cloud-init[1006]: Your identification has been saved in /etc/ssh/ssh_host_ecdsa_key.
[   33.009217] cloud-init[[0;32m  OK  [0m] Started LSB: Set the CPU Frequency Scaling governor to "ondemand".
[1006]: Your public key has been saved in /etc/ssh/ssh_host_ecdsa_key.pub.
[   33.064595] cloud-init[1006]: The key fingerprint is:
[   33.101272] cloud-init[1006]: SHA256:O/C1b+ICR4yixkzvPGGORphwykZcT0JQu2RhZxyzxMM root@ubuntu-xenial
[   33.167547] cloud-init[1006]: The key's randomart image is:
[   33.256210] cloud-init[1006]: +---[ECDSA 256]---+
[   33.330847] cloud-init[1006]: | .+=+*.          |
[[0;32m  OK  [0m] Started LSB: daemon to balance interrupts for SMP systems.
[   33.449839] cloud-init[1006]: |  .o*Eo          |
[   33.520644] cloud-init[1006]: |. .++..o         |
[   33.556410] cloud-init[1006]: |.o= o.. o        |
[   33.573125] cloud-init[1006]: |+O + ...S .      |
[   33.628274] cloud-init[1006]: |+o* + .o.o .     |[[0;32m  OK  [0m] Started LSB: automatic crash report generation.

[   33.697503] cloud-init[1006]: |.o * . o+ .      |
[   33.709550] cloud-init[1006]: |  o =   .....    |
[   33.760405] cloud-init[1006]: | .   .   o.o.    |
[   33.804322] cloud-init[1006]: +----[SHA256]-----+
[   33.826352] cloud-init[1006]: Generating public/private ed25519 key pair.
[   33.836635] cloud-init[1006]: Your identification has been saved in /etc/ssh/ssh_host_ed25519_key.
[   33.873863] cloud-init[1006]: Your public key has been saved in /etc/ssh/ssh_host_ed25519_key.pub.
[   33.971485] cloud-init[1006]: The key fingerprint is:
[   34.053701] cloud-init[1006]: SHA256:lwoa0fQOR7APgHCkh78c7noeONaNBb2sQ7hK5kIooNI root@ubuntu-xenial
[   34.124324] cloud-init[1006]: The key's randomart image is:
[   34.154941] cloud-init[1006]: +--[ED25519 256]--+
[   34.175892] cloud-init[1006]: [[0;32m  OK  [0m] Started LSB: VirtualBox Linux Additions.
|.oo.. o..        |
[   34.208276] cloud-init[1006]: | +. .+ +         |
[   34.241968] cloud-init[1006]: |o ....= o        |
[   34.288331] cloud-init[1006]: |.o. o..*   .     |
[   34.308748] cloud-init[1006]: |+oo..+. S o      |
[   34.332400] cloud-init[1006]: |==Eo=o . o       |
[   34.343700] cloud-init[1006]: |*===..  .        |
[   34.365816] cloud-init[1006]: |Bo...            |
[   34.397655] cloud-init[1006]: |+=o              |
[   34.424769] cloud-init[1006]: +----[SHA256]-----+
[   36.605204] cloud-init[1097]: Generating locales (this might take a while)...

Ubuntu 16.04.1 LTS ubuntu-xenial ttyS0

ubuntu-xenial login: [   41.948342] cloud-init[1097]:   en_US.UTF-8... done
[   41.952558] cloud-init[1097]: Generation complete.
[   44.637349] cloud-init[1097]: Cloud-init v. 0.7.8 running 'modules:config' at Mon, 28 Nov 2016 18:17:07 +0000. Up 35.97 seconds.
ci-info: no authorized ssh keys fingerprints found for user ubuntu.
<14>Nov 28 18:17:20 ec2: 
<14>Nov 28 18:17:20 ec2: #############################################################
<14>Nov 28 18:17:20 ec2: -----BEGIN SSH HOST KEY FINGERPRINTS-----
<14>Nov 28 18:17:20 ec2: 1024 SHA256:DRUc3iyaIiIT9bwrUMY2LvOHiN2wQmIf/iMvi0Uk2Gk root@ubuntu-xenial (DSA)
<14>Nov 28 18:17:20 ec2: 256 SHA256:O/C1b+ICR4yixkzvPGGORphwykZcT0JQu2RhZxyzxMM root@ubuntu-xenial (ECDSA)
<14>Nov 28 18:17:20 ec2: 256 SHA256:lwoa0fQOR7APgHCkh78c7noeONaNBb2sQ7hK5kIooNI root@ubuntu-xenial (ED25519)
<14>Nov 28 18:17:20 ec2: 2048 SHA256:7hA38DOZmHxd9CG+jtk0A+K2VPlk4RAeDlyakO0sWmE root@ubuntu-xenial (RSA)
<14>Nov 28 18:17:20 ec2: -----END SSH HOST KEY FINGERPRINTS-----
<14>Nov 28 18:17:20 ec2: #############################################################
-----BEGIN SSH HOST KEY KEYS-----
ecdsa-sha2-nistp256 AAAAE2VjZHNhLXNoYTItbmlzdHAyNTYAAAAIbmlzdHAyNTYAAABBBNGorlY9xg49FalgyiYevsSPK9vYeCEHzftWTk9QFluL/8cM+O3vGpeLKJqW9BmzWwVRsgPa4cX4LvCSicQBcJc= root@ubuntu-xenial
ssh-ed25519 AAAAC3NzaC1lZDI1NTE5AAAAID+5Yeifl+iyKYujl5vuhvB3dj5F0vIOCHh2e/cgFjlh root@ubuntu-xenial
ssh-rsa AAAAB3NzaC1yc2EAAAADAQABAAABAQC+xZkf2xZArtIhuDD5ixTbEk97Op2A9ZrEnv2rxDexPPSFCydJi3kJuHSqHyAUpwYq6cjf7gE5xLL/jKfwsKi9gt7aIa/AjMPNTq7vYAVYp+HjE+d8iVUzoZw7yzNGV5zzbaTYT9wgCTIH8lerf73eziVFxxtVccpNorC24zNgoeVfEPgU2yZYwf2QMtn2qOqNRiC+6BZQ6zC8xj+NDqA+/obR78SiwKj3vBf5YsoBrmw8h9QVDn1uieMdmltpRc5yayNqICvEahuugoepQ40FWM+QNbQq8JUqUbCj6wEwJrxz7j62Q40jLhTkrfCPzTJ8v2900z3XUujOiXstakz5 root@ubuntu-xenial
-----END SSH HOST KEY KEYS-----
[   49.446614] cloud-init[1354]: Cloud-init v. 0.7.8 running 'modules:final' at Mon, 28 Nov 2016 18:17:19 +0000. Up 47.74 seconds.
[   49.479472] cloud-init[1354]: ci-info: no authorized ssh keys fingerprints found for user ubuntu.
[   49.479867] cloud-init[1354]: Cloud-init v. 0.7.8 finished at Mon, 28 Nov 2016 18:17:21 +0000. Datasource DataSourceNoCloud [seed=/dev/sdb][dsmode=net].  Up 49.35 seconds
